<?xml version="1.0" encoding="UTF-8"?>
<testsuite name="HashTest" tests="2" skipped="0" failures="0" errors="0" timestamp="2022-01-04T17:23:05" hostname="MagellPC" time="0.053">
  <properties/>
  <testcase name="nonEqual()" classname="HashTest" time="0.051"/>
  <testcase name="isEqual()" classname="HashTest" time="0.001"/>
  <system-out><![CDATA[]]></system-out>
  <system-err><![CDATA[]]></system-err>
</testsuite>
